<?xml version="1.0" encoding="UTF-8"?>
<testng-results ignored="0" total="2" passed="2" failed="0" skipped="0">
  <reporter-output>
  </reporter-output>
  <suite started-at="2021-11-27T23:53:28Z" name="Default suite" finished-at="2021-11-27T23:53:45Z" duration-ms="17099">
    <groups>
    </groups>
    <test started-at="2021-11-27T23:53:28Z" name="Default test" finished-at="2021-11-27T23:53:45Z" duration-ms="17099">
      <class name="com.automation.tests.HomePageTests">
        <test-method is-config="true" signature="setUpSuite()[pri:0, instance:com.automation.tests.HomePageTests@6e005dc9]" started-at="2021-11-27T23:53:28Z" name="setUpSuite" finished-at="2021-11-27T23:53:28Z" duration-ms="512" status="PASS">
          <reporter-output>
          </reporter-output>
        </test-method> <!-- setUpSuite -->
        <test-method is-config="true" signature="setUp()[pri:0, instance:com.automation.tests.HomePageTests@6e005dc9]" started-at="2021-11-27T23:53:28Z" name="setUp" finished-at="2021-11-27T23:53:34Z" duration-ms="5776" status="PASS">
          <reporter-output>
          </reporter-output>
        </test-method> <!-- setUp -->
        <test-method signature="verify_Login_Successful(java.lang.String, java.lang.String)[pri:0, instance:com.automation.tests.HomePageTests@6e005dc9]" started-at="2021-11-27T23:53:34Z" name="verify_Login_Successful" data-provider="getData" finished-at="2021-11-27T23:53:36Z" duration-ms="1679" status="PASS">
          <params>
            <param index="0">
              <value>
                <![CDATA[elsa]]>
              </value>
            </param>
            <param index="1">
              <value>
                <![CDATA[elsalinda]]>
              </value>
            </param>
          </params>
          <reporter-output>
          </reporter-output>
        </test-method> <!-- verify_Login_Successful -->
        <test-method is-config="true" signature="TearDown()[pri:0, instance:com.automation.tests.HomePageTests@6e005dc9]" started-at="2021-11-27T23:53:36Z" name="TearDown" finished-at="2021-11-27T23:53:36Z" duration-ms="240" status="PASS">
          <reporter-output>
          </reporter-output>
        </test-method> <!-- TearDown -->
        <test-method is-config="true" signature="setUp()[pri:0, instance:com.automation.tests.HomePageTests@6e005dc9]" started-at="2021-11-27T23:53:36Z" name="setUp" finished-at="2021-11-27T23:53:42Z" duration-ms="5743" status="PASS">
          <reporter-output>
          </reporter-output>
        </test-method> <!-- setUp -->
        <test-method signature="verify_Login_Successful(java.lang.String, java.lang.String)[pri:0, instance:com.automation.tests.HomePageTests@6e005dc9]" started-at="2021-11-27T23:53:42Z" name="verify_Login_Successful" data-provider="getData" finished-at="2021-11-27T23:53:45Z" duration-ms="3392" status="PASS">
          <params>
            <param index="0">
              <value>
                <![CDATA[alan]]>
              </value>
            </param>
            <param index="1">
              <value>
                <![CDATA[ajackson]]>
              </value>
            </param>
          </params>
          <reporter-output>
          </reporter-output>
        </test-method> <!-- verify_Login_Successful -->
        <test-method is-config="true" signature="TearDown()[pri:0, instance:com.automation.tests.HomePageTests@6e005dc9]" started-at="2021-11-27T23:53:45Z" name="TearDown" finished-at="2021-11-27T23:53:45Z" duration-ms="227" status="PASS">
          <reporter-output>
          </reporter-output>
        </test-method> <!-- TearDown -->
      </class> <!-- com.automation.tests.HomePageTests -->
    </test> <!-- Default test -->
  </suite> <!-- Default suite -->
</testng-results>
