<?xml version="1.0" encoding="UTF-8"?>
<!-- Generated by org.testng.reporters.JUnitXMLReporter -->
<testsuite ignored="0" hostname="DESKTOP-G6K9564" failures="0" tests="2" name="HomePage Tests" time="21.048" errors="0" timestamp="18 Dec 2021 17:08:44 GMT">
  <testcase classname="com.automation.tests.HomePageTests" name="verify_Login_Successful" time="2.591"/>
  <testcase classname="com.automation.tests.HomePageTests" name="verify_Login_Successful" time="3.256"/>
</testsuite> <!-- HomePage Tests -->
