<?xml version="1.0" encoding="UTF-8"?>
<!-- Generated by org.testng.reporters.JUnitXMLReporter -->
<testsuite ignored="1" hostname="DESKTOP-G6K9564" failures="0" tests="2" name="Tests" time="13.897" errors="0" timestamp="2021-12-18T23:44:37 IST">
  <testcase classname="com.automation.tests.RegistrationTests" name="verify_Registration_Successful" time="4.401"/>
  <testcase classname="com.automation.tests.HomePageTests" name="verify_Login_Successful" time="0.0">
    <skipped/>
  </testcase> <!-- verify_Login_Successful -->
  <testcase classname="com.automation.pages.BasePage" name="@BeforeSuite setUpSuite" time="0.0">
    <ignored/>
  </testcase> <!-- @BeforeSuite setUpSuite -->
</testsuite> <!-- Tests -->
