<?xml version="1.0" encoding="UTF-8"?>
<!-- Generated by org.testng.reporters.JUnitXMLReporter -->
<testsuite ignored="1" hostname="DESKTOP-G6K9564" failures="0" tests="3" name="Test" time="21.168" errors="0" timestamp="18 Dec 2021 17:05:51 GMT">
  <testcase classname="com.automation.pages.BasePage" name="@BeforeMethod setUp" time="0.0">
    <failure type="java.lang.NullPointerException" message="Cannot invoke &amp;quot;com.automation.utilities.ConfigurationDataProvider.getBrowser()&amp;quot; because &amp;quot;this.configurationDataProvider&amp;quot; is null">
      <![CDATA[java.lang.NullPointerException: Cannot invoke "com.automation.utilities.ConfigurationDataProvider.getBrowser()" because "this.configurationDataProvider" is null
at com.automation.pages.BasePage.setUp(BasePage.java:50)
... Removed 28 stack frames]]>
    </failure>
  </testcase> <!-- @BeforeMethod setUp -->
  <testcase classname="com.automation.pages.BasePage" name="@AfterMethod TearDown" time="0.0">
    <skipped/>
  </testcase> <!-- @AfterMethod TearDown -->
  <testcase classname="com.automation.tests.HomePageTests" name="verify_Login_Successful" time="2.879"/>
  <testcase classname="com.automation.tests.HomePageTests" name="verify_Login_Successful" time="2.949"/>
  <testcase classname="com.automation.tests.RegistrationTests" name="verify_Registration_Successful" time="0.0">
    <skipped/>
  </testcase> <!-- verify_Registration_Successful -->
  <testcase classname="com.automation.pages.BasePage" name="@BeforeSuite setUpSuite" time="0.0">
    <ignored/>
  </testcase> <!-- @BeforeSuite setUpSuite -->
</testsuite> <!-- Test -->
