<?xml version="1.0" encoding="UTF-8"?>
<!-- Generated by org.testng.reporters.JUnitXMLReporter -->
<testsuite ignored="0" hostname="DESKTOP-G6K9564" failures="0" tests="2" name="Default test" time="20.547" errors="0" timestamp="2021-12-18T23:46:17 IST">
  <testcase classname="com.automation.tests.HomePageTests" name="verify_Login_Successful" time="2.879"/>
  <testcase classname="com.automation.tests.HomePageTests" name="verify_Login_Successful" time="1.868"/>
</testsuite> <!-- Default test -->
