<?xml version="1.0" encoding="UTF-8"?>
<!-- Generated by org.testng.reporters.JUnitXMLReporter -->
<testsuite ignored="0" hostname="DESKTOP-G6K9564" failures="0" tests="2" name="Default test" time="19.792" errors="0" timestamp="27 Nov 2021 22:45:30 GMT">
  <testcase classname="com.automation.testcases.HomePageTests" name="verify_Login_Successful" time="2.63"/>
  <testcase classname="com.automation.testcases.HomePageTests" name="verify_Login_Successful" time="2.642"/>
</testsuite> <!-- Default test -->
